CREATE,ddd,2,ADMIN
CREATE,cdscd,5,USER
CREATE,sdcsd,10,USER
DELETE,sdcsd
CREATE,aa,3,ADMIN
CREATE,nh,2,ADMIN
CREATE,fjg,4,ADMIN
CREATE,fkgj,6,USER
CREATE,auto_save.bak,3,SYSTEM
DELETE,fkgj
MKDIR,Prueba,ADMIN
CREATE,Hola,6,ADMIN
DELETE,Prueba
MKDIR,Prueba,USER
CREATE,Hola,4,USER
UPDATE,Prueba,Yeiiii
MKDIR,Mar,ADMIN
CREATE,Marea,5,ADMIN
UPDATE,Mar,Prueba
DELETE,Marea
UPDATE,script.py,script_modificado
UPDATE,config.sys,config_modificado
DELETE,image_01.png
UPDATE,data_log.csv,data_log_modificado
UPDATE,script.py,script_modificado
UPDATE,config.sys,config_modificado
DELETE,image_01.png
UPDATE,data_log.csv,data_log_modificado
UPDATE,script.py,script_modificado
UPDATE,config.sys,config_modificado
DELETE,image_01.png
UPDATE,data_log.csv,data_log_modificado
UPDATE,nh,DAR
UPDATE,script.py,script_modificado
UPDATE,config.sys,config_modificado
DELETE,image_01.png
UPDATE,data_log.csv,data_log_modificado
UPDATE,script.py,script_modificado
UPDATE,config.sys,config_modificado
DELETE,image_01.png
UPDATE,data_log.csv,data_log_modificado
